[debug] [2024-11-25T04:09:08.753Z] ----------------------------------------------------------------------
[debug] [2024-11-25T04:09:08.754Z] Command:       /Users/jonathankerth/.nvm/versions/node/v21.4.0/bin/node /Users/jonathankerth/.nvm/versions/node/v21.4.0/bin/firebase init
[debug] [2024-11-25T04:09:08.754Z] CLI Version:   13.27.0
[debug] [2024-11-25T04:09:08.754Z] Platform:      darwin
[debug] [2024-11-25T04:09:08.754Z] Node Version:  v21.4.0
[debug] [2024-11-25T04:09:08.754Z] Time:          Sun Nov 24 2024 20:09:08 GMT-0800 (Pacific Standard Time)
[debug] [2024-11-25T04:09:08.754Z] ----------------------------------------------------------------------
[debug] 
[debug] [2024-11-25T04:09:08.757Z] > command requires scopes: ["email","openid","https://www.googleapis.com/auth/cloudplatformprojects.readonly","https://www.googleapis.com/auth/firebase","https://www.googleapis.com/auth/cloud-platform"]
[debug] [2024-11-25T04:09:08.757Z] > authorizing via signed-in user (jonathanpkerth@gmail.com)
[info] 
     ######## #### ########  ######## ########     ###     ######  ########
     ##        ##  ##     ## ##       ##     ##  ##   ##  ##       ##
     ######    ##  ########  ######   ########  #########  ######  ######
     ##        ##  ##    ##  ##       ##     ## ##     ##       ## ##
     ##       #### ##     ## ######## ########  ##     ##  ######  ########

You're about to initialize a Firebase project in this directory:

  /Users/jonathankerth/code/XP

[info] 
=== Project Setup
[info] 
[info] First, let's associate this project directory with a Firebase project.
[info] You can create multiple project aliases by running firebase use --add, 
[info] but for now we'll just set up a default project.
[info] 
[debug] [2024-11-25T04:09:18.297Z] Checked if tokens are valid: false, expires at: 1709695690932
[debug] [2024-11-25T04:09:18.298Z] Checked if tokens are valid: false, expires at: 1709695690932
[debug] [2024-11-25T04:09:18.298Z] > refreshing access token with scopes: []
[debug] [2024-11-25T04:09:18.300Z] >>> [apiv2][query] POST https://www.googleapis.com/oauth2/v3/token [none]
[debug] [2024-11-25T04:09:18.300Z] >>> [apiv2][body] POST https://www.googleapis.com/oauth2/v3/token [omitted]
[debug] [2024-11-25T04:09:18.436Z] <<< [apiv2][status] POST https://www.googleapis.com/oauth2/v3/token 400
[debug] [2024-11-25T04:09:18.436Z] <<< [apiv2][body] POST https://www.googleapis.com/oauth2/v3/token [omitted]
[debug] [2024-11-25T04:09:18.437Z] >>> [apiv2][query] GET https://firebase.googleapis.com/v1beta1/projects pageSize=100
[debug] [2024-11-25T04:09:18.529Z] <<< [apiv2][status] GET https://firebase.googleapis.com/v1beta1/projects 401
[debug] [2024-11-25T04:09:18.529Z] <<< [apiv2][body] GET https://firebase.googleapis.com/v1beta1/projects [omitted]
[debug] [2024-11-25T04:09:18.529Z] Got a 401 Unauthenticated error for a call that required authentication. Refreshing tokens.
[debug] [2024-11-25T04:09:18.529Z] Checked if tokens are valid: false, expires at: 1709695690932
[debug] [2024-11-25T04:09:18.529Z] Checked if tokens are valid: false, expires at: 1709695690932
[debug] [2024-11-25T04:09:18.529Z] > refreshing access token with scopes: []
[debug] [2024-11-25T04:09:18.530Z] >>> [apiv2][query] POST https://www.googleapis.com/oauth2/v3/token [none]
[debug] [2024-11-25T04:09:18.530Z] >>> [apiv2][body] POST https://www.googleapis.com/oauth2/v3/token [omitted]
[debug] [2024-11-25T04:09:18.586Z] <<< [apiv2][status] POST https://www.googleapis.com/oauth2/v3/token 400
[debug] [2024-11-25T04:09:18.587Z] <<< [apiv2][body] POST https://www.googleapis.com/oauth2/v3/token [omitted]
[debug] [2024-11-25T04:09:18.588Z] Request to https://firebase.googleapis.com/v1beta1/projects?pageSize=100 had HTTP Error: 401, Request had invalid authentication credentials. Expected OAuth 2 access token, login cookie or other valid authentication credential. See https://developers.google.com/identity/sign-in/web/devconsole-project.
[debug] [2024-11-25T04:09:18.660Z] FirebaseError: Request to https://firebase.googleapis.com/v1beta1/projects?pageSize=100 had HTTP Error: 401, Request had invalid authentication credentials. Expected OAuth 2 access token, login cookie or other valid authentication credential. See https://developers.google.com/identity/sign-in/web/devconsole-project.
    at responseToError (/Users/jonathankerth/.nvm/versions/node/v21.4.0/lib/node_modules/firebase-tools/lib/responseToError.js:52:12)
    at RetryOperation._fn (/Users/jonathankerth/.nvm/versions/node/v21.4.0/lib/node_modules/firebase-tools/lib/apiv2.js:312:77)
    at process.processTicksAndRejections (node:internal/process/task_queues:95:5)
[error] 
[error] Error: Failed to list Firebase projects. See firebase-debug.log for more info.
